[0.022s] Invoking command in '/home/mkvlkv/swarm_ws_v1/src/build/px4_msgs': CMAKE_PREFIX_PATH=/home/mkvlkv/swarm_ws_v1/install/swarm_bringup:/home/mkvlkv/swarm_ws_v1/install/swarm_interfaces:/home/mkvlkv/ros2_ws/install/swarm_sar:/home/mkvlkv/swarm_ws/install/swarm_search:/opt/ros/humble:/home/mkvlkv/ros2_ws/install/swarm_sar_interfaces /usr/bin/cmake /home/mkvlkv/swarm_ws_v1/src/px4_msgs -DCMAKE_INSTALL_PREFIX=/home/mkvlkv/swarm_ws_v1/src/install/px4_msgs
[0.348s] -- The C compiler identification is GNU 11.4.0
[0.909s] -- The CXX compiler identification is GNU 11.4.0
[1.255s] -- Detecting C compiler ABI info
[1.468s] -- Detecting C compiler ABI info - done
[1.476s] -- Check for working C compiler: /usr/bin/cc - skipped
[1.477s] -- Detecting C compile features
[1.477s] -- Detecting C compile features - done
[1.482s] -- Detecting CXX compiler ABI info
[1.690s] -- Detecting CXX compiler ABI info - done
[1.698s] -- Check for working CXX compiler: /usr/bin/c++ - skipped
[1.698s] -- Detecting CXX compile features
[1.699s] -- Detecting CXX compile features - done
[1.718s] -- Found ament_cmake: 1.3.14 (/opt/ros/humble/share/ament_cmake/cmake)
[1.952s] -- Found Python3: /usr/bin/python3 (found version "3.10.12") found components: Interpreter 
[2.127s] -- Found builtin_interfaces: 1.2.2 (/opt/ros/humble/share/builtin_interfaces/cmake)
[2.345s] -- Found rosidl_generator_c: 3.1.8 (/opt/ros/humble/share/rosidl_generator_c/cmake)
[2.358s] -- Found rosidl_adapter: 3.1.8 (/opt/ros/humble/share/rosidl_adapter/cmake)
[2.378s] -- Found rosidl_generator_cpp: 3.1.8 (/opt/ros/humble/share/rosidl_generator_cpp/cmake)
[2.408s] -- Using all available rosidl_typesupport_c: rosidl_typesupport_fastrtps_c;rosidl_typesupport_introspection_c
[2.440s] -- Using all available rosidl_typesupport_cpp: rosidl_typesupport_fastrtps_cpp;rosidl_typesupport_introspection_cpp
[2.471s] -- Found rosidl_default_generators: 1.2.1 (/opt/ros/humble/share/rosidl_default_generators/cmake)
[4.504s] -- Found ament_cmake_cppcheck: 0.12.15 (/opt/ros/humble/share/ament_cmake_cppcheck/cmake)
[4.511s] -- Found ament_cmake_cpplint: 0.12.15 (/opt/ros/humble/share/ament_cmake_cpplint/cmake)
[4.518s] -- Found ament_cmake_uncrustify: 0.12.15 (/opt/ros/humble/share/ament_cmake_uncrustify/cmake)
[4.526s] -- Found ament_cmake_ros: 0.10.0 (/opt/ros/humble/share/ament_cmake_ros/cmake)
[5.106s] -- Using all available rosidl_typesupport_c: rosidl_typesupport_fastrtps_c;rosidl_typesupport_introspection_c
[5.314s] -- Using all available rosidl_typesupport_cpp: rosidl_typesupport_fastrtps_cpp;rosidl_typesupport_introspection_cpp
[5.456s] -- Found PythonInterp: /usr/bin/python3 (found suitable version "3.10.12", minimum required is "3.6") 
[5.459s] -- Found python_cmake_module: 0.10.0 (/opt/ros/humble/share/python_cmake_module/cmake)
[5.858s] -- Found PythonLibs: /usr/lib/x86_64-linux-gnu/libpython3.10.so (found suitable version "3.10.12", minimum required is "3.5") 
[5.858s] -- Using PYTHON_EXECUTABLE: /usr/bin/python3
[5.858s] -- Using PYTHON_INCLUDE_DIRS: /usr/include/python3.10
[5.858s] -- Using PYTHON_LIBRARIES: /usr/lib/x86_64-linux-gnu/libpython3.10.so
[5.890s] -- Found PythonExtra: .so  
[6.018s] -- Found ament_cmake_flake8: 0.12.15 (/opt/ros/humble/share/ament_cmake_flake8/cmake)
[6.024s] -- Found ament_cmake_pep257: 0.12.15 (/opt/ros/humble/share/ament_cmake_pep257/cmake)
[6.173s] -- Configuring done
[6.638s] -- Generating done
[6.680s] -- Build files have been written to: /home/mkvlkv/swarm_ws_v1/src/build/px4_msgs
[6.719s] Invoked command in '/home/mkvlkv/swarm_ws_v1/src/build/px4_msgs' returned '0': CMAKE_PREFIX_PATH=/home/mkvlkv/swarm_ws_v1/install/swarm_bringup:/home/mkvlkv/swarm_ws_v1/install/swarm_interfaces:/home/mkvlkv/ros2_ws/install/swarm_sar:/home/mkvlkv/swarm_ws/install/swarm_search:/opt/ros/humble:/home/mkvlkv/ros2_ws/install/swarm_sar_interfaces /usr/bin/cmake /home/mkvlkv/swarm_ws_v1/src/px4_msgs -DCMAKE_INSTALL_PREFIX=/home/mkvlkv/swarm_ws_v1/src/install/px4_msgs
[6.721s] Invoking command in '/home/mkvlkv/swarm_ws_v1/src/build/px4_msgs': CMAKE_PREFIX_PATH=/home/mkvlkv/swarm_ws_v1/install/swarm_bringup:/home/mkvlkv/swarm_ws_v1/install/swarm_interfaces:/home/mkvlkv/ros2_ws/install/swarm_sar:/home/mkvlkv/swarm_ws/install/swarm_search:/opt/ros/humble:/home/mkvlkv/ros2_ws/install/swarm_sar_interfaces /usr/bin/cmake --build /home/mkvlkv/swarm_ws_v1/src/build/px4_msgs -- -j16 -l16
[7.233s] [  0%] Generating C code for ROS interfaces
[7.239s] [  1%] Generating Rust code for ROS interfaces
[7.249s] [  1%] Built target ament_cmake_python_copy_px4_msgs
[7.274s] [  1%] Generating C++ code for ROS interfaces
[7.723s] running egg_info
[7.724s] creating px4_msgs.egg-info
[7.725s] writing px4_msgs.egg-info/PKG-INFO
[7.725s] writing dependency_links to px4_msgs.egg-info/dependency_links.txt
[7.725s] writing top-level names to px4_msgs.egg-info/top_level.txt
[7.726s] writing manifest file 'px4_msgs.egg-info/SOURCES.txt'
[7.731s] reading manifest file 'px4_msgs.egg-info/SOURCES.txt'
[7.732s] writing manifest file 'px4_msgs.egg-info/SOURCES.txt'
[7.797s] [  1%] Built target ament_cmake_python_build_px4_msgs_egg
[19.937s] Traceback (most recent call last):
[19.937s] Traceback (most recent call last):
[19.937s] Traceback (most recent call last):
[19.937s]   File "/opt/ros/humble/share/rosidl_generator_c/cmake/../../../lib/rosidl_generator_c/rosidl_generator_c", line 38, in <module>
[19.937s]   File "/opt/ros/humble/share/rosidl_generator_cpp/cmake/../../../lib/rosidl_generator_cpp/rosidl_generator_cpp", line 38, in <module>
[19.938s]   File "/opt/ros/humble/share/rosidl_generator_rs/cmake/../../../lib/rosidl_generator_rs/rosidl_generator_rs", line 43, in <module>
[19.938s] gmake[2]: *** Deleting file 'rosidl_generator_cpp/px4_msgs/msg/action_request.hpp'
[19.939s] gmake[2]: *** Deleting file 'rosidl_generator_c/px4_msgs/msg/action_request.h'
[19.939s]     sys.exit(main())
[19.939s]     sys.exit(main())
[19.940s]     sys.exit(main())
[19.940s]   File "/opt/ros/humble/share/rosidl_generator_cpp/cmake/../../../lib/rosidl_generator_cpp/rosidl_generator_cpp", line 34, in main
[19.940s]   File "/opt/ros/humble/share/rosidl_generator_c/cmake/../../../lib/rosidl_generator_c/rosidl_generator_c", line 34, in main
[19.940s]   File "/opt/ros/humble/share/rosidl_generator_rs/cmake/../../../lib/rosidl_generator_rs/rosidl_generator_rs", line 36, in main
[19.940s]     return generate_rs(
[19.940s]     generate_c(args.generator_arguments_file)
[19.940s]   File "/opt/ros/humble/local/lib/python3.10/dist-packages/rosidl_generator_rs/__init__.py", line 95, in generate_rs
[19.940s]   File "/opt/ros/humble/local/lib/python3.10/dist-packages/rosidl_generator_c/__init__.py", line 37, in generate_c
[19.940s]     generate_cpp(args.generator_arguments_file)
[19.940s]     idl_file = parse_idl_file(locator)
[19.940s]   File "/opt/ros/humble/local/lib/python3.10/dist-packages/rosidl_generator_cpp/__init__.py", line 39, in generate_cpp
[19.940s]   File "/opt/ros/humble/local/lib/python3.10/dist-packages/rosidl_parser/parser.py", line 64, in parse_idl_file
[19.940s]     return generate_files(
[19.940s]   File "/opt/ros/humble/local/lib/python3.10/dist-packages/rosidl_cmake/__init__.py", line 74, in generate_files
[19.940s]     content = parse_idl_string(string, png_file=png_file)
[19.940s]   File "/opt/ros/humble/local/lib/python3.10/dist-packages/rosidl_parser/parser.py", line 72, in parse_idl_string
[19.940s]     return generate_files(
[19.941s]     idl_file = parse_idl_file(locator)
[19.941s]   File "/opt/ros/humble/local/lib/python3.10/dist-packages/rosidl_cmake/__init__.py", line 74, in generate_files
[19.941s]   File "/opt/ros/humble/local/lib/python3.10/dist-packages/rosidl_parser/parser.py", line 64, in parse_idl_file
[19.941s]     tree = get_ast_from_idl_string(idl_string)
[19.941s]   File "/opt/ros/humble/local/lib/python3.10/dist-packages/rosidl_parser/parser.py", line 89, in get_ast_from_idl_string
[19.941s]     content = parse_idl_string(string, png_file=png_file)
[19.941s]   File "/opt/ros/humble/local/lib/python3.10/dist-packages/rosidl_parser/parser.py", line 72, in parse_idl_string
[19.941s]     idl_file = parse_idl_file(locator)
[19.941s]   File "/opt/ros/humble/local/lib/python3.10/dist-packages/rosidl_parser/parser.py", line 64, in parse_idl_file
[19.941s]     return _parser.parse(idl_string)
[19.941s]   File "/usr/lib/python3/dist-packages/lark/lark.py", line 619, in parse
[19.941s]     tree = get_ast_from_idl_string(idl_string)
[19.941s]   File "/opt/ros/humble/local/lib/python3.10/dist-packages/rosidl_parser/parser.py", line 89, in get_ast_from_idl_string
[19.941s]     content = parse_idl_string(string, png_file=png_file)
[19.941s]   File "/opt/ros/humble/local/lib/python3.10/dist-packages/rosidl_parser/parser.py", line 72, in parse_idl_string
[19.941s]     return _parser.parse(idl_string)
[19.941s]   File "/usr/lib/python3/dist-packages/lark/lark.py", line 619, in parse
[19.941s]     tree = get_ast_from_idl_string(idl_string)
[19.941s]   File "/opt/ros/humble/local/lib/python3.10/dist-packages/rosidl_parser/parser.py", line 89, in get_ast_from_idl_string
[19.941s]     return _parser.parse(idl_string)
[19.942s]   File "/usr/lib/python3/dist-packages/lark/lark.py", line 619, in parse
[19.942s]     return self.parser.parse(text, start=start, on_error=on_error)
[19.942s]     return self.parser.parse(text, start=start, on_error=on_error)
[19.942s]   File "/usr/lib/python3/dist-packages/lark/parser_frontends.py", line 99, in parse
[19.942s]   File "/usr/lib/python3/dist-packages/lark/parser_frontends.py", line 99, in parse
[19.942s]     return self.parser.parse(text, start=start, on_error=on_error)
[19.942s]   File "/usr/lib/python3/dist-packages/lark/parser_frontends.py", line 99, in parse
[19.942s]     return self.parser.parse(stream, chosen_start, **kw)
[19.942s]   File "/usr/lib/python3/dist-packages/lark/parsers/earley.py", line 292, in parse
[19.942s]     return self.parser.parse(stream, chosen_start, **kw)
[19.942s]   File "/usr/lib/python3/dist-packages/lark/parsers/earley.py", line 266, in parse
[19.942s]     return self.parser.parse(stream, chosen_start, **kw)
[19.942s]   File "/usr/lib/python3/dist-packages/lark/parsers/earley.py", line 266, in parse
[19.942s]     return transformer.transform(solutions[0])
[19.942s]     to_scan = self._parse(lexer, columns, to_scan, start_symbol)
[19.942s]   File "/usr/lib/python3/dist-packages/lark/parsers/earley_forest.py", line 395, in transform
[19.942s]   File "/usr/lib/python3/dist-packages/lark/parsers/xearley.py", line 144, in _parse
[19.943s]     to_scan = self._parse(lexer, columns, to_scan, start_symbol)
[19.943s]   File "/usr/lib/python3/dist-packages/lark/parsers/xearley.py", line 144, in _parse
[19.943s]     self.predict_and_complete(i, to_scan, columns, transitives)
[19.943s]     self.predict_and_complete(i, to_scan, columns, transitives)
[19.943s]   File "/usr/lib/python3/dist-packages/lark/parsers/earley.py", line 152, in predict_and_complete
[19.943s]   File "/usr/lib/python3/dist-packages/lark/parsers/earley.py", line 140, in predict_and_complete
[19.943s]     new_item = Item(rule, 0, i)
[19.943s]     if new_item.expect in self.TERMINALS:
[19.943s]   File "/usr/lib/python3/dist-packages/lark/parsers/earley_common.py", line 22, in __init__
[19.943s]   File "/usr/lib/python3/dist-packages/lark/grammar.py", line 25, in __hash__
[19.943s]     self.visit(root)
[19.943s]   File "/usr/lib/python3/dist-packages/lark/parsers/earley_forest.py", line 532, in visit
[19.944s]     def __hash__(self):
[19.944s] KeyboardInterrupt
[19.944s]     super(ForestToParseTree, self).visit(root)
[19.944s]   File "/usr/lib/python3/dist-packages/lark/parsers/earley_forest.py", line 355, in visit
[19.944s]     self.previous = rule.expansion[ptr - 1] if ptr > 0 and len(rule.expansion) else None
[19.944s] KeyboardInterrupt
[19.944s]     next_node = vsni(current)
[19.944s]   File "/usr/lib/python3/dist-packages/lark/parsers/earley_forest.py", line 620, in visit_symbol_node_in
[19.945s]     super(ForestToParseTree, self).visit_symbol_node_in(node)
[19.945s]   File "/usr/lib/python3/dist-packages/lark/parsers/earley_forest.py", line 419, in visit_symbol_node_in
[19.945s]     return node.children
[19.945s]   File "/usr/lib/python3/dist-packages/lark/parsers/earley_forest.py", line 89, in children
[19.945s]     return sorted(self._children, key=attrgetter('sort_key'))
[19.945s] KeyboardInterrupt
[20.001s] gmake[2]: *** [CMakeFiles/px4_msgs__rosidl_generator_c.dir/build.make:272: rosidl_generator_c/px4_msgs/msg/action_request.h] Interrupt
[20.001s] gmake[1]: *** [CMakeFiles/Makefile2:231: CMakeFiles/px4_msgs__rosidl_generator_c.dir/all] Interrupt
[20.017s] gmake[2]: *** [px4_msgs__rs/CMakeFiles/px4_msgs__rs.dir/build.make:458: rosidl_generator_rs/px4_msgs/rust/src/lib.rs] Interrupt
[20.017s] gmake[1]: *** [CMakeFiles/Makefile2:635: px4_msgs__rs/CMakeFiles/px4_msgs__rs.dir/all] Interrupt
[20.050s] gmake[2]: *** [CMakeFiles/px4_msgs__cpp.dir/build.make:1193: rosidl_generator_cpp/px4_msgs/msg/action_request.hpp] Interrupt
[20.051s] gmake[1]: *** [CMakeFiles/Makefile2:284: CMakeFiles/px4_msgs__cpp.dir/all] Interrupt
[20.051s] gmake: *** [Makefile:146: all] Interrupt
[20.055s] Invoked command in '/home/mkvlkv/swarm_ws_v1/src/build/px4_msgs' returned '-2': CMAKE_PREFIX_PATH=/home/mkvlkv/swarm_ws_v1/install/swarm_bringup:/home/mkvlkv/swarm_ws_v1/install/swarm_interfaces:/home/mkvlkv/ros2_ws/install/swarm_sar:/home/mkvlkv/swarm_ws/install/swarm_search:/opt/ros/humble:/home/mkvlkv/ros2_ws/install/swarm_sar_interfaces /usr/bin/cmake --build /home/mkvlkv/swarm_ws_v1/src/build/px4_msgs -- -j16 -l16
