[0.258s] DEBUG:colcon:Command line arguments: ['/usr/bin/colcon', 'build', '--packages-select', 'px4_msgs']
[0.258s] DEBUG:colcon:Parsed command line arguments: Namespace(log_base=None, log_level=None, verb_name='build', build_base='build', install_base='install', merge_install=False, symlink_install=False, test_result_base=None, continue_on_error=False, executor='parallel', parallel_workers=16, event_handlers=None, ignore_user_meta=False, metas=['./colcon.meta'], base_paths=['.'], packages_ignore=None, packages_ignore_regex=None, paths=None, packages_up_to=None, packages_up_to_regex=None, packages_above=None, packages_above_and_dependencies=None, packages_above_depth=None, packages_select_by_dep=None, packages_skip_by_dep=None, packages_skip_up_to=None, packages_select_build_failed=False, packages_skip_build_finished=False, packages_select_test_failures=False, packages_skip_test_passed=False, packages_select=['px4_msgs'], packages_skip=None, packages_select_regex=None, packages_skip_regex=None, packages_start=None, packages_end=None, allow_overriding=[], cmake_args=None, cmake_target=None, cmake_target_skip_unavailable=False, cmake_clean_cache=False, cmake_clean_first=False, cmake_force_configure=False, ament_cmake_args=None, catkin_cmake_args=None, catkin_skip_building_tests=False, mixin_files=None, mixin=None, verb_parser=<colcon_mixin.mixin.mixin_argument.MixinArgumentDecorator object at 0x735421e432b0>, verb_extension=<colcon_core.verb.build.BuildVerb object at 0x735421f8c250>, main=<bound method BuildVerb.main of <colcon_core.verb.build.BuildVerb object at 0x735421f8c250>>, mixin_verb=('build',))
[0.519s] Level 1:colcon.colcon_core.package_discovery:discover_packages(colcon_meta) check parameters
[0.519s] Level 1:colcon.colcon_core.package_discovery:discover_packages(recursive) check parameters
[0.519s] Level 1:colcon.colcon_core.package_discovery:discover_packages(ignore) check parameters
[0.519s] Level 1:colcon.colcon_core.package_discovery:discover_packages(path) check parameters
[0.519s] Level 1:colcon.colcon_core.package_discovery:discover_packages(colcon_meta) discover
[0.519s] Level 1:colcon.colcon_core.package_discovery:discover_packages(recursive) discover
[0.519s] INFO:colcon.colcon_core.package_discovery:Crawling recursively for packages in '/home/mkvlkv/swarm_ws_v1/src'
[0.519s] Level 1:colcon.colcon_core.package_identification:_identify(.) by extensions ['ignore', 'ignore_ament_install']
[0.519s] Level 1:colcon.colcon_core.package_identification:_identify(.) by extension 'ignore'
[0.519s] Level 1:colcon.colcon_core.package_identification:_identify(.) by extension 'ignore_ament_install'
[0.519s] Level 1:colcon.colcon_core.package_identification:_identify(.) by extensions ['colcon_pkg']
[0.519s] Level 1:colcon.colcon_core.package_identification:_identify(.) by extension 'colcon_pkg'
[0.519s] Level 1:colcon.colcon_core.package_identification:_identify(.) by extensions ['colcon_meta']
[0.519s] Level 1:colcon.colcon_core.package_identification:_identify(.) by extension 'colcon_meta'
[0.519s] Level 1:colcon.colcon_core.package_identification:_identify(.) by extensions ['ros']
[0.520s] Level 1:colcon.colcon_core.package_identification:_identify(.) by extension 'ros'
[0.589s] Level 1:colcon.colcon_core.package_identification:_identify(.) by extensions ['cmake', 'python']
[0.589s] Level 1:colcon.colcon_core.package_identification:_identify(.) by extension 'cmake'
[0.589s] Level 1:colcon.colcon_core.package_identification:_identify(.) by extension 'python'
[0.589s] Level 1:colcon.colcon_core.package_identification:_identify(.) by extensions ['python_setup_py']
[0.589s] Level 1:colcon.colcon_core.package_identification:_identify(.) by extension 'python_setup_py'
[0.589s] Level 1:colcon.colcon_core.package_identification:_identify(build) by extensions ['ignore', 'ignore_ament_install']
[0.589s] Level 1:colcon.colcon_core.package_identification:_identify(build) by extension 'ignore'
[0.589s] Level 1:colcon.colcon_core.package_identification:_identify(build) ignored
[0.590s] Level 1:colcon.colcon_core.package_identification:_identify(install) by extensions ['ignore', 'ignore_ament_install']
[0.590s] Level 1:colcon.colcon_core.package_identification:_identify(install) by extension 'ignore'
[0.590s] Level 1:colcon.colcon_core.package_identification:_identify(install) ignored
[0.590s] Level 1:colcon.colcon_core.package_identification:_identify(log) by extensions ['ignore', 'ignore_ament_install']
[0.590s] Level 1:colcon.colcon_core.package_identification:_identify(log) by extension 'ignore'
[0.590s] Level 1:colcon.colcon_core.package_identification:_identify(log) ignored
[0.590s] Level 1:colcon.colcon_core.package_identification:_identify(px4_msgs) by extensions ['ignore', 'ignore_ament_install']
[0.590s] Level 1:colcon.colcon_core.package_identification:_identify(px4_msgs) by extension 'ignore'
[0.590s] Level 1:colcon.colcon_core.package_identification:_identify(px4_msgs) by extension 'ignore_ament_install'
[0.590s] Level 1:colcon.colcon_core.package_identification:_identify(px4_msgs) by extensions ['colcon_pkg']
[0.590s] Level 1:colcon.colcon_core.package_identification:_identify(px4_msgs) by extension 'colcon_pkg'
[0.590s] Level 1:colcon.colcon_core.package_identification:_identify(px4_msgs) by extensions ['colcon_meta']
[0.590s] Level 1:colcon.colcon_core.package_identification:_identify(px4_msgs) by extension 'colcon_meta'
[0.591s] Level 1:colcon.colcon_core.package_identification:_identify(px4_msgs) by extensions ['ros']
[0.591s] Level 1:colcon.colcon_core.package_identification:_identify(px4_msgs) by extension 'ros'
[0.594s] DEBUG:colcon.colcon_core.package_identification:Package 'px4_msgs' with type 'ros.ament_cmake' and name 'px4_msgs'
[0.595s] Level 1:colcon.colcon_core.package_identification:_identify(swarm_agent) by extensions ['ignore', 'ignore_ament_install']
[0.595s] Level 1:colcon.colcon_core.package_identification:_identify(swarm_agent) by extension 'ignore'
[0.595s] Level 1:colcon.colcon_core.package_identification:_identify(swarm_agent) by extension 'ignore_ament_install'
[0.595s] Level 1:colcon.colcon_core.package_identification:_identify(swarm_agent) by extensions ['colcon_pkg']
[0.595s] Level 1:colcon.colcon_core.package_identification:_identify(swarm_agent) by extension 'colcon_pkg'
[0.595s] Level 1:colcon.colcon_core.package_identification:_identify(swarm_agent) by extensions ['colcon_meta']
[0.595s] Level 1:colcon.colcon_core.package_identification:_identify(swarm_agent) by extension 'colcon_meta'
[0.595s] Level 1:colcon.colcon_core.package_identification:_identify(swarm_agent) by extensions ['ros']
[0.595s] Level 1:colcon.colcon_core.package_identification:_identify(swarm_agent) by extension 'ros'
[0.596s] DEBUG:colcon.colcon_core.package_identification:Package 'swarm_agent' with type 'ros.ament_python' and name 'swarm_agent'
[0.596s] Level 1:colcon.colcon_core.package_identification:_identify(swarm_bringup) by extensions ['ignore', 'ignore_ament_install']
[0.597s] Level 1:colcon.colcon_core.package_identification:_identify(swarm_bringup) by extension 'ignore'
[0.597s] Level 1:colcon.colcon_core.package_identification:_identify(swarm_bringup) by extension 'ignore_ament_install'
[0.597s] Level 1:colcon.colcon_core.package_identification:_identify(swarm_bringup) by extensions ['colcon_pkg']
[0.597s] Level 1:colcon.colcon_core.package_identification:_identify(swarm_bringup) by extension 'colcon_pkg'
[0.597s] Level 1:colcon.colcon_core.package_identification:_identify(swarm_bringup) by extensions ['colcon_meta']
[0.597s] Level 1:colcon.colcon_core.package_identification:_identify(swarm_bringup) by extension 'colcon_meta'
[0.597s] Level 1:colcon.colcon_core.package_identification:_identify(swarm_bringup) by extensions ['ros']
[0.597s] Level 1:colcon.colcon_core.package_identification:_identify(swarm_bringup) by extension 'ros'
[0.598s] DEBUG:colcon.colcon_core.package_identification:Package 'swarm_bringup' with type 'ros.ament_cmake' and name 'swarm_bringup'
[0.598s] Level 1:colcon.colcon_core.package_identification:_identify(swarm_controller) by extensions ['ignore', 'ignore_ament_install']
[0.598s] Level 1:colcon.colcon_core.package_identification:_identify(swarm_controller) by extension 'ignore'
[0.598s] Level 1:colcon.colcon_core.package_identification:_identify(swarm_controller) by extension 'ignore_ament_install'
[0.598s] Level 1:colcon.colcon_core.package_identification:_identify(swarm_controller) by extensions ['colcon_pkg']
[0.598s] Level 1:colcon.colcon_core.package_identification:_identify(swarm_controller) by extension 'colcon_pkg'
[0.599s] Level 1:colcon.colcon_core.package_identification:_identify(swarm_controller) by extensions ['colcon_meta']
[0.599s] Level 1:colcon.colcon_core.package_identification:_identify(swarm_controller) by extension 'colcon_meta'
[0.599s] Level 1:colcon.colcon_core.package_identification:_identify(swarm_controller) by extensions ['ros']
[0.599s] Level 1:colcon.colcon_core.package_identification:_identify(swarm_controller) by extension 'ros'
[0.600s] DEBUG:colcon.colcon_core.package_identification:Package 'swarm_controller' with type 'ros.ament_python' and name 'swarm_controller'
[0.600s] Level 1:colcon.colcon_core.package_identification:_identify(swarm_interfaces) by extensions ['ignore', 'ignore_ament_install']
[0.600s] Level 1:colcon.colcon_core.package_identification:_identify(swarm_interfaces) by extension 'ignore'
[0.600s] Level 1:colcon.colcon_core.package_identification:_identify(swarm_interfaces) by extension 'ignore_ament_install'
[0.600s] Level 1:colcon.colcon_core.package_identification:_identify(swarm_interfaces) by extensions ['colcon_pkg']
[0.600s] Level 1:colcon.colcon_core.package_identification:_identify(swarm_interfaces) by extension 'colcon_pkg'
[0.600s] Level 1:colcon.colcon_core.package_identification:_identify(swarm_interfaces) by extensions ['colcon_meta']
[0.600s] Level 1:colcon.colcon_core.package_identification:_identify(swarm_interfaces) by extension 'colcon_meta'
[0.600s] Level 1:colcon.colcon_core.package_identification:_identify(swarm_interfaces) by extensions ['ros']
[0.600s] Level 1:colcon.colcon_core.package_identification:_identify(swarm_interfaces) by extension 'ros'
[0.601s] DEBUG:colcon.colcon_core.package_identification:Package 'swarm_interfaces' with type 'ros.ament_cmake' and name 'swarm_interfaces'
[0.601s] Level 1:colcon.colcon_core.package_discovery:discover_packages(recursive) using defaults
[0.601s] Level 1:colcon.colcon_core.package_discovery:discover_packages(ignore) discover
[0.601s] Level 1:colcon.colcon_core.package_discovery:discover_packages(ignore) using defaults
[0.601s] Level 1:colcon.colcon_core.package_discovery:discover_packages(path) discover
[0.601s] Level 1:colcon.colcon_core.package_discovery:discover_packages(path) using defaults
[0.636s] INFO:colcon.colcon_core.package_selection:Skipping not selected package 'swarm_bringup' in 'swarm_bringup'
[0.637s] INFO:colcon.colcon_core.package_selection:Skipping not selected package 'swarm_interfaces' in 'swarm_interfaces'
[0.637s] INFO:colcon.colcon_core.package_selection:Skipping not selected package 'swarm_agent' in 'swarm_agent'
[0.637s] INFO:colcon.colcon_core.package_selection:Skipping not selected package 'swarm_controller' in 'swarm_controller'
[0.637s] Level 1:colcon.colcon_core.package_discovery:discover_packages(prefix_path) check parameters
[0.637s] Level 1:colcon.colcon_core.package_discovery:discover_packages(prefix_path) discover
[0.640s] DEBUG:colcon.colcon_installed_package_information.package_discovery:Found 2 installed packages in /home/mkvlkv/swarm_ws_v1/install
[0.641s] DEBUG:colcon.colcon_installed_package_information.package_discovery:Found 1 installed packages in /home/mkvlkv/swarm_ws/install
[0.642s] DEBUG:colcon.colcon_installed_package_information.package_discovery:Found 2 installed packages in /home/mkvlkv/ros2_ws/install
[0.644s] DEBUG:colcon.colcon_installed_package_information.package_discovery:Found 334 installed packages in /opt/ros/humble
[0.646s] Level 1:colcon.colcon_core.package_discovery:discover_packages(prefix_path) using defaults
[0.711s] Level 5:colcon.colcon_core.verb:set package 'px4_msgs' build argument 'cmake_args' from command line to 'None'
[0.712s] Level 5:colcon.colcon_core.verb:set package 'px4_msgs' build argument 'cmake_target' from command line to 'None'
[0.712s] Level 5:colcon.colcon_core.verb:set package 'px4_msgs' build argument 'cmake_target_skip_unavailable' from command line to 'False'
[0.712s] Level 5:colcon.colcon_core.verb:set package 'px4_msgs' build argument 'cmake_clean_cache' from command line to 'False'
[0.712s] Level 5:colcon.colcon_core.verb:set package 'px4_msgs' build argument 'cmake_clean_first' from command line to 'False'
[0.712s] Level 5:colcon.colcon_core.verb:set package 'px4_msgs' build argument 'cmake_force_configure' from command line to 'False'
[0.712s] Level 5:colcon.colcon_core.verb:set package 'px4_msgs' build argument 'ament_cmake_args' from command line to 'None'
[0.712s] Level 5:colcon.colcon_core.verb:set package 'px4_msgs' build argument 'catkin_cmake_args' from command line to 'None'
[0.712s] Level 5:colcon.colcon_core.verb:set package 'px4_msgs' build argument 'catkin_skip_building_tests' from command line to 'False'
[0.712s] DEBUG:colcon.colcon_core.verb:Building package 'px4_msgs' with the following arguments: {'ament_cmake_args': None, 'build_base': '/home/mkvlkv/swarm_ws_v1/src/build/px4_msgs', 'catkin_cmake_args': None, 'catkin_skip_building_tests': False, 'cmake_args': None, 'cmake_clean_cache': False, 'cmake_clean_first': False, 'cmake_force_configure': False, 'cmake_target': None, 'cmake_target_skip_unavailable': False, 'install_base': '/home/mkvlkv/swarm_ws_v1/src/install/px4_msgs', 'merge_install': False, 'path': '/home/mkvlkv/swarm_ws_v1/src/px4_msgs', 'symlink_install': False, 'test_result_base': None}
[0.712s] INFO:colcon.colcon_core.executor:Executing jobs using 'parallel' executor
[0.714s] DEBUG:colcon.colcon_parallel_executor.executor.parallel:run_until_complete
[0.714s] INFO:colcon.colcon_ros.task.ament_cmake.build:Building ROS package in '/home/mkvlkv/swarm_ws_v1/src/px4_msgs' with build type 'ament_cmake'
[0.714s] INFO:colcon.colcon_cmake.task.cmake.build:Building CMake package in '/home/mkvlkv/swarm_ws_v1/src/px4_msgs'
[0.718s] INFO:colcon.colcon_core.plugin_system:Skipping extension 'colcon_core.shell.bat': Not used on non-Windows systems
[0.718s] INFO:colcon.colcon_core.shell:Skip shell extension 'powershell' for command environment: Not usable outside of PowerShell
[0.718s] DEBUG:colcon.colcon_core.shell:Skip shell extension 'dsv' for command environment
[0.737s] DEBUG:colcon.colcon_core.event_handler.log_command:Invoking command in '/home/mkvlkv/swarm_ws_v1/src/build/px4_msgs': CMAKE_PREFIX_PATH=/home/mkvlkv/swarm_ws_v1/install/swarm_bringup:/home/mkvlkv/swarm_ws_v1/install/swarm_interfaces:/home/mkvlkv/ros2_ws/install/swarm_sar:/home/mkvlkv/swarm_ws/install/swarm_search:/opt/ros/humble:/home/mkvlkv/ros2_ws/install/swarm_sar_interfaces /usr/bin/cmake /home/mkvlkv/swarm_ws_v1/src/px4_msgs -DCMAKE_INSTALL_PREFIX=/home/mkvlkv/swarm_ws_v1/src/install/px4_msgs
[7.434s] DEBUG:colcon.colcon_core.event_handler.log_command:Invoked command in '/home/mkvlkv/swarm_ws_v1/src/build/px4_msgs' returned '0': CMAKE_PREFIX_PATH=/home/mkvlkv/swarm_ws_v1/install/swarm_bringup:/home/mkvlkv/swarm_ws_v1/install/swarm_interfaces:/home/mkvlkv/ros2_ws/install/swarm_sar:/home/mkvlkv/swarm_ws/install/swarm_search:/opt/ros/humble:/home/mkvlkv/ros2_ws/install/swarm_sar_interfaces /usr/bin/cmake /home/mkvlkv/swarm_ws_v1/src/px4_msgs -DCMAKE_INSTALL_PREFIX=/home/mkvlkv/swarm_ws_v1/src/install/px4_msgs
[7.436s] DEBUG:colcon.colcon_core.event_handler.log_command:Invoking command in '/home/mkvlkv/swarm_ws_v1/src/build/px4_msgs': CMAKE_PREFIX_PATH=/home/mkvlkv/swarm_ws_v1/install/swarm_bringup:/home/mkvlkv/swarm_ws_v1/install/swarm_interfaces:/home/mkvlkv/ros2_ws/install/swarm_sar:/home/mkvlkv/swarm_ws/install/swarm_search:/opt/ros/humble:/home/mkvlkv/ros2_ws/install/swarm_sar_interfaces /usr/bin/cmake --build /home/mkvlkv/swarm_ws_v1/src/build/px4_msgs -- -j16 -l16
[20.650s] DEBUG:colcon.colcon_parallel_executor.executor.parallel:run_until_complete was interrupted
[20.651s] DEBUG:colcon.colcon_parallel_executor.executor.parallel:run_until_complete again
[20.770s] DEBUG:colcon.colcon_core.event_handler.log_command:Invoked command in '/home/mkvlkv/swarm_ws_v1/src/build/px4_msgs' returned '-2': CMAKE_PREFIX_PATH=/home/mkvlkv/swarm_ws_v1/install/swarm_bringup:/home/mkvlkv/swarm_ws_v1/install/swarm_interfaces:/home/mkvlkv/ros2_ws/install/swarm_sar:/home/mkvlkv/swarm_ws/install/swarm_search:/opt/ros/humble:/home/mkvlkv/ros2_ws/install/swarm_sar_interfaces /usr/bin/cmake --build /home/mkvlkv/swarm_ws_v1/src/build/px4_msgs -- -j16 -l16
[20.771s] Level 1:colcon.colcon_core.environment:create_environment_scripts_only(px4_msgs)
[20.779s] Level 1:colcon.colcon_core.environment:checking '/home/mkvlkv/swarm_ws_v1/src/install/px4_msgs' for CMake module files
[20.780s] Level 1:colcon.colcon_core.environment:checking '/home/mkvlkv/swarm_ws_v1/src/install/px4_msgs' for CMake config files
[20.780s] Level 1:colcon.colcon_core.environment:checking '/home/mkvlkv/swarm_ws_v1/src/install/px4_msgs/bin'
[20.781s] Level 1:colcon.colcon_core.environment:checking '/home/mkvlkv/swarm_ws_v1/src/install/px4_msgs/lib/pkgconfig/px4_msgs.pc'
[20.781s] Level 1:colcon.colcon_core.environment:checking '/home/mkvlkv/swarm_ws_v1/src/install/px4_msgs/lib/python3.10/site-packages'
[20.781s] Level 1:colcon.colcon_core.environment:checking '/home/mkvlkv/swarm_ws_v1/src/install/px4_msgs/bin'
[20.782s] INFO:colcon.colcon_core.shell:Creating package script '/home/mkvlkv/swarm_ws_v1/src/install/px4_msgs/share/px4_msgs/package.ps1'
[20.786s] INFO:colcon.colcon_core.shell:Creating package descriptor '/home/mkvlkv/swarm_ws_v1/src/install/px4_msgs/share/px4_msgs/package.dsv'
[20.787s] INFO:colcon.colcon_core.shell:Creating package script '/home/mkvlkv/swarm_ws_v1/src/install/px4_msgs/share/px4_msgs/package.sh'
[20.789s] INFO:colcon.colcon_core.shell:Creating package script '/home/mkvlkv/swarm_ws_v1/src/install/px4_msgs/share/px4_msgs/package.bash'
[20.790s] INFO:colcon.colcon_core.shell:Creating package script '/home/mkvlkv/swarm_ws_v1/src/install/px4_msgs/share/px4_msgs/package.zsh'
[20.791s] Level 1:colcon.colcon_core.environment:create_file_with_runtime_dependencies(/home/mkvlkv/swarm_ws_v1/src/install/px4_msgs/share/colcon-core/packages/px4_msgs)
[20.795s] ERROR:colcon.colcon_core.event_reactor:Exception in event handler extension 'console_start_end': [Errno 32] Broken pipe
Traceback (most recent call last):
  File "/usr/lib/python3/dist-packages/colcon_core/event_reactor.py", line 78, in _notify_observers
    retval = observer(event)
  File "/usr/lib/python3/dist-packages/colcon_core/event_handler/console_start_end.py", line 72, in __call__
    print(Style.SectionEnd(msg), file=writable, flush=True)
BrokenPipeError: [Errno 32] Broken pipe

[20.804s] DEBUG:colcon.colcon_parallel_executor.executor.parallel:run_until_complete finished
[20.804s] DEBUG:colcon.colcon_parallel_executor.executor.parallel:closing loop
[20.804s] DEBUG:colcon.colcon_parallel_executor.executor.parallel:loop closed
[20.804s] DEBUG:colcon.colcon_core.event_reactor:joining thread
[20.862s] INFO:colcon.colcon_core.plugin_system:Skipping extension 'colcon_notification.desktop_notification.notify_send': Could not find 'notify-send'
[20.862s] INFO:colcon.colcon_core.plugin_system:Skipping extension 'colcon_notification.desktop_notification.terminal_notifier': Not used on non-Darwin systems
[20.862s] INFO:colcon.colcon_core.plugin_system:Skipping extension 'colcon_notification.desktop_notification.win32': Not used on non-Windows systems
[20.862s] INFO:colcon.colcon_notification.desktop_notification:Sending desktop notification using 'notify2'
[20.862s] DEBUG:colcon.colcon_notification.desktop_notification.notify2:Failed to initialize notify2: org.freedesktop.DBus.Error.FileNotFound: Failed to connect to socket /run/user/1000/bus: No such file or directory
[20.862s] DEBUG:colcon.colcon_core.event_reactor:joined thread
[20.863s] INFO:colcon.colcon_core.shell:Creating prefix script '/home/mkvlkv/swarm_ws_v1/src/install/local_setup.ps1'
[20.864s] INFO:colcon.colcon_core.shell:Creating prefix util module '/home/mkvlkv/swarm_ws_v1/src/install/_local_setup_util_ps1.py'
[20.866s] INFO:colcon.colcon_core.shell:Creating prefix chain script '/home/mkvlkv/swarm_ws_v1/src/install/setup.ps1'
[20.868s] INFO:colcon.colcon_core.shell:Creating prefix script '/home/mkvlkv/swarm_ws_v1/src/install/local_setup.sh'
[20.869s] INFO:colcon.colcon_core.shell:Creating prefix util module '/home/mkvlkv/swarm_ws_v1/src/install/_local_setup_util_sh.py'
[20.869s] INFO:colcon.colcon_core.shell:Creating prefix chain script '/home/mkvlkv/swarm_ws_v1/src/install/setup.sh'
[20.871s] INFO:colcon.colcon_core.shell:Creating prefix script '/home/mkvlkv/swarm_ws_v1/src/install/local_setup.bash'
[20.872s] INFO:colcon.colcon_core.shell:Creating prefix chain script '/home/mkvlkv/swarm_ws_v1/src/install/setup.bash'
[20.873s] INFO:colcon.colcon_core.shell:Creating prefix script '/home/mkvlkv/swarm_ws_v1/src/install/local_setup.zsh'
[20.874s] INFO:colcon.colcon_core.shell:Creating prefix chain script '/home/mkvlkv/swarm_ws_v1/src/install/setup.zsh'
